--- STDOUT ---

************************************************************

CalculiX Version 2.22, Copyright(C) 1998-2024 Guido Dhondt
CalculiX comes with ABSOLUTELY NO WARRANTY. This is free
software, and you are welcome to redistribute it under
certain conditions, see gpl.htm

************************************************************

You are using an executable made on Sun Aug  4 19:44:24     2024

  The numbers below are estimated upper bounds

  number of:

   nodes:     10000247
   elements:        22557
   one-dimensional elements:            0
   two-dimensional elements:            0
   integration points per element:            1
   degrees of freedom per node:            3
   layers per element:            1

   distributed facial loads:            0
   distributed volumetric loads:            0
   concentrated loads:            5
   single point constraints:        25572
   multiple point constraints:          739
   terms in all multiple point constraints:         4429
   tie constraints:            0
   dependent nodes tied by cyclic constraints:            0
   dependent nodes in pre-tension constraints:            0

   sets:            8
   terms in all sets:        50703

   materials:            1
   constants per material and temperature:            2
   temperature points per material:            1
   plastic data points per material:            0

   orientations:            0
   amplitudes:            2
   data points in all amplitudes:            2
   print requests:            4
   transformations:            0
   property cards:            0

 *ERROR reading *SOLID SECTION: nonexistent material
   
 *ERROR reading *SOLID SECTION. Card image:
        *SOLIDSECTION,ELSET=VOLUME1


 STEP            1

 *WARNING reading *NODE PRINT: no set was defined
 *WARNING in calinput. Card image cannot be interpreted:
 *WARNING reading the input file. Card image:
          U

 *ERROR in calinput: at least one fatal
        error message while reading the
        input deck: CalculiX stops.


